<?xml version="1.0" encoding="UTF-8"?>
<!-- Generated by org.testng.reporters.JUnitReportReporter -->
<testsuite hostname="DESKTOP-L9LVG34" failures="0" tests="4" name="Intervw.Intervw.TestNgTEst" time="0.083" errors="0" timestamp="2023-02-15T12:15:16 IST" skipped="1">
  <testcase classname="Intervw.Intervw.TestNgTEst" name="f3" time="0.043"/>
  <system-out/>
  <testcase classname="Intervw.Intervw.TestNgTEst" name="f1" time="0.030"/>
  <system-out/>
  <testcase classname="Intervw.Intervw.TestNgTEst" name="f2" time="0.010"/>
  <system-out/>
  <testcase classname="Intervw.Intervw.TestNgTEst" name="f">
    <skipped/>
  </testcase> <!-- f -->
  <system-out/>
</testsuite> <!-- Intervw.Intervw.TestNgTEst -->
