<?xml version="1.0" encoding="UTF-8"?>
<!-- Generated by org.testng.reporters.JUnitReportReporter -->
<testsuite hostname="DESKTOP-L9LVG34" failures="0" tests="1" name="com.INB.tests.TC_HomePage" time="7.135" errors="0" timestamp="07 Oct 2022 17:05:24 GMT" skipped="0">
  <testcase classname="com.INB.tests.TC_HomePage" name="Test3" time="7.135"/>
</testsuite> <!-- com.INB.tests.TC_HomePage -->
